0 info it worked if it ends with ok
<<<<<<< HEAD
1 verbose cli [ 'node', '/usr/local/bin/npm', 'start' ]
2 info using npm@2.11.3
3 info using node@v0.12.7
4 verbose run-script [ 'prestart', 'start', 'poststart' ]
5 info prestart brat_server@1.0.0
6 info start brat_server@1.0.0
7 verbose unsafe-perm in lifecycle true
8 info brat_server@1.0.0 Failed to exec start script
9 verbose stack Error: brat_server@1.0.0 start: `node ./node_modules/typescript/bin/tsc && node ./dist/index.js`
9 verbose stack Exit status 2
9 verbose stack     at EventEmitter.<anonymous> (/usr/local/lib/node_modules/npm/lib/utils/lifecycle.js:213:16)
9 verbose stack     at EventEmitter.emit (events.js:110:17)
9 verbose stack     at ChildProcess.<anonymous> (/usr/local/lib/node_modules/npm/lib/utils/spawn.js:24:14)
9 verbose stack     at ChildProcess.emit (events.js:110:17)
9 verbose stack     at maybeClose (child_process.js:1015:16)
9 verbose stack     at Process.ChildProcess._handle.onexit (child_process.js:1087:5)
10 verbose pkgid brat_server@1.0.0
11 verbose cwd /Users/Blaine/Desktop/Raptor Squad/raptors
12 error Darwin 14.5.0
13 error argv "node" "/usr/local/bin/npm" "start"
14 error node v0.12.7
15 error npm  v2.11.3
16 error code ELIFECYCLE
17 error brat_server@1.0.0 start: `node ./node_modules/typescript/bin/tsc && node ./dist/index.js`
17 error Exit status 2
18 error Failed at the brat_server@1.0.0 start script 'node ./node_modules/typescript/bin/tsc && node ./dist/index.js'.
18 error This is most likely a problem with the brat_server package,
18 error not with npm itself.
18 error Tell the author that this fails on your system:
18 error     node ./node_modules/typescript/bin/tsc && node ./dist/index.js
18 error You can get their info via:
18 error     npm owner ls brat_server
18 error There is likely additional logging output above.
19 verbose exit [ 1, true ]
=======
1 verbose cli [ 'C:\\Program Files\\nodejs\\node.exe',
1 verbose cli   'C:\\Users\\Junbo\\AppData\\Roaming\\npm\\node_modules\\npm\\bin\\npm-cli.js',
1 verbose cli   'start' ]
2 info using npm@3.10.8
3 info using node@v6.4.0
4 verbose stack Error: kill ENOSYS
4 verbose stack     at exports._errnoException (util.js:1026:11)
4 verbose stack     at process.kill (internal/process.js:172:13)
4 verbose stack     at process.listener (C:\Users\Junbo\AppData\Roaming\npm\node_modules\npm\node_modules\npmlog\node_modules\gauge\node_modules\signal-exit\index.js:86:15)
4 verbose stack     at emitNone (events.js:91:20)
4 verbose stack     at process.emit (events.js:185:7)
4 verbose stack     at processEmit (C:\Users\Junbo\AppData\Roaming\npm\node_modules\npm\node_modules\npmlog\node_modules\gauge\node_modules\signal-exit\index.js:146:32)
4 verbose stack     at processEmit (C:\Users\Junbo\AppData\Roaming\npm\node_modules\npm\node_modules\npm-registry-client\node_modules\npmlog\node_modules\gauge\node_modules\signal-exit\index.js:146:32)
4 verbose stack     at Signal.wrap.onsignal (internal/process.js:199:44)
5 verbose cwd c:\Users\Junbo\Desktop\raptors
6 error Windows_NT 10.0.14393
7 error argv "C:\\Program Files\\nodejs\\node.exe" "C:\\Users\\Junbo\\AppData\\Roaming\\npm\\node_modules\\npm\\bin\\npm-cli.js" "start"
8 error node v6.4.0
9 error npm  v3.10.8
10 error code ENOSYS
11 error errno ENOSYS
12 error syscall kill
13 error kill ENOSYS
14 error If you need help, you may report this error at:
14 error     <https://github.com/npm/npm/issues>
15 verbose exit [ 1, true ]
>>>>>>> 5d789f1c7e001d4542c2f75c66f7536d997a5433
